[INFO] 2025-12-05 12:22:02 - main: Информация: Загружены настройки приложения
[INFO] 2025-12-05 12:22:02 - main: Информация: Первый запуск приложения, инициализация данных
[INFO] 2025-12-05 12:22:02 - main: Информация: Данные успешно инициализированы
[INFO] 2025-12-05 12:22:02 - turnover_report_service: Информация: Инициализирован TurnoverReportService
[INFO] 2025-12-05 12:22:02 - balance_service: Информация: Инициализирован BalanceService
[INFO] 2025-12-05 12:22:02 - main: Информация: Все сервисы инициализированы, приложение готово к работе
[INFO] 2025-12-05 12:22:02 - main: Информация: Запуск Flask приложения
[INFO] 2025-12-05 12:22:38 - api: Информация: Запрос данных: nomenclatures в формате json
[INFO] 2025-12-05 12:22:38 - api: API вызов: GET /api/data/nomenclatures/json, статус: 200
[INFO] 2025-12-05 12:22:38 - api: Информация: Получены данные nomenclatures в формате json: 8 записей
[INFO] 2025-12-05 12:23:26 - api: Информация: Запрос обновления элемента справочника nomenclature с ID: 08ac886e-e628-49e2-af6e-028eea333fe3
[INFO] 2025-12-05 12:23:26 - api: API вызов: PATCH /api/nomenclature/08ac886e-e628-49e2-af6e-028eea333fe3, статус: 200
[ERROR] 2025-12-05 12:23:26 - reference_service: Ошибка: Неизвестный тип справочника: nomenclature
[ERROR] 2025-12-05 12:23:26 - reference_service: Ошибка: Ошибка при обновлении элемента 08ac886e-e628-49e2-af6e-028eea333fe3 в справочнике nomenclature: Неизвестный тип справочника: nomenclature
[INFO] 2025-12-05 12:23:26 - api: API вызов: PATCH /api/nomenclature/08ac886e-e628-49e2-af6e-028eea333fe3, статус: 400
[ERROR] 2025-12-05 12:23:26 - api: Ошибка: Ошибка обновления элемента справочника: Неизвестный тип справочника: nomenclature
[INFO] 2025-12-05 12:23:30 - api: Информация: Запрос обновления элемента справочника nomenclatures с ID: 08ac886e-e628-49e2-af6e-028eea333fe3
[INFO] 2025-12-05 12:23:30 - api: API вызов: PATCH /api/nomenclatures/08ac886e-e628-49e2-af6e-028eea333fe3, статус: 200
[INFO] 2025-12-05 12:23:30 - reference_service: Обновлен элемент справочника 'nomenclatures' (ID: 08ac886e-e628-49e2-af6e-028eea333fe3): {'full_name': 'Другое название'}
[INFO] 2025-12-05 12:23:30 - api: Информация: Обновлен элемент справочника nomenclatures: 08ac886e-e628-49e2-af6e-028eea333fe3
